<?xml version="1.0" encoding="UTF-8"?>
<testsuite name="com.example.photoalbum.service.AlbumServiceTest" tests="7" skipped="0" failures="0" errors="0" timestamp="2024-09-01T10:15:46" hostname="GUNBIN" time="1.75">
  <properties/>
  <testcase name="앨범 생성하기 및 바로 폴더 삭제" classname="com.example.photoalbum.service.AlbumServiceTest" time="0.508"/>
  <testcase name="getAlbumUseAlbumName()" classname="com.example.photoalbum.service.AlbumServiceTest" time="0.117"/>
  <testcase name="앨범 삭제" classname="com.example.photoalbum.service.AlbumServiceTest" time="0.028"/>
  <testcase name="testPhotoCount()" classname="com.example.photoalbum.service.AlbumServiceTest" time="0.025"/>
  <testcase name="앨범 바꾸기" classname="com.example.photoalbum.service.AlbumServiceTest" time="0.027"/>
  <testcase name="앨범 목록" classname="com.example.photoalbum.service.AlbumServiceTest" time="1.026"/>
  <testcase name="앨범 가져오기" classname="com.example.photoalbum.service.AlbumServiceTest" time="0.008"/>
  <system-out><![CDATA[19:15:41.557 [Test worker] INFO org.springframework.test.context.support.AnnotationConfigContextLoaderUtils -- Could not detect default configuration classes for test class [com.example.photoalbum.service.AlbumServiceTest]: AlbumServiceTest does not declare any static, non-private, non-final, nested classes annotated with @Configuration.
19:15:41.721 [Test worker] INFO org.springframework.boot.test.context.SpringBootTestContextBootstrapper -- Found @SpringBootConfiguration com.example.photoalbum.PhotoalbumApplication for test class com.example.photoalbum.service.AlbumServiceTest

  .   ____          _            __ _ _
 /\\ / ___'_ __ _ _(_)_ __  __ _ \ \ \ \
( ( )\___ | '_ | '_| | '_ \/ _` | \ \ \ \
 \\/  ___)| |_)| | | | | || (_| |  ) ) ) )
  '  |____| .__|_| |_|_| |_\__, | / / / /
 =========|_|==============|___/=/_/_/_/

 :: Spring Boot ::                (v3.3.2)

2024-09-01T19:15:42.215+09:00  INFO 1004 --- [photoalbum] [    Test worker] c.e.photoalbum.service.AlbumServiceTest  : Starting AlbumServiceTest using Java 17 with PID 1004 (started by kbi04 in C:\Users\kbi04\OneDrive\바탕 화면\photoalbum)
2024-09-01T19:15:42.216+09:00  INFO 1004 --- [photoalbum] [    Test worker] c.e.photoalbum.service.AlbumServiceTest  : No active profile set, falling back to 1 default profile: "default"
2024-09-01T19:15:42.927+09:00  INFO 1004 --- [photoalbum] [    Test worker] .s.d.r.c.RepositoryConfigurationDelegate : Bootstrapping Spring Data JPA repositories in DEFAULT mode.
2024-09-01T19:15:42.982+09:00  INFO 1004 --- [photoalbum] [    Test worker] .s.d.r.c.RepositoryConfigurationDelegate : Finished Spring Data repository scanning in 48 ms. Found 2 JPA repository interfaces.
2024-09-01T19:15:43.411+09:00  INFO 1004 --- [photoalbum] [    Test worker] o.hibernate.jpa.internal.util.LogHelper  : HHH000204: Processing PersistenceUnitInfo [name: default]
2024-09-01T19:15:43.484+09:00  INFO 1004 --- [photoalbum] [    Test worker] org.hibernate.Version                    : HHH000412: Hibernate ORM core version 6.5.2.Final
2024-09-01T19:15:43.526+09:00  INFO 1004 --- [photoalbum] [    Test worker] o.h.c.internal.RegionFactoryInitiator    : HHH000026: Second-level cache disabled
2024-09-01T19:15:43.873+09:00  INFO 1004 --- [photoalbum] [    Test worker] o.s.o.j.p.SpringPersistenceUnitInfo      : No LoadTimeWeaver setup: ignoring JPA class transformer
2024-09-01T19:15:43.900+09:00  INFO 1004 --- [photoalbum] [    Test worker] com.zaxxer.hikari.HikariDataSource       : HikariPool-1 - Starting...
2024-09-01T19:15:44.150+09:00  INFO 1004 --- [photoalbum] [    Test worker] com.zaxxer.hikari.pool.HikariPool        : HikariPool-1 - Added connection com.mysql.cj.jdbc.ConnectionImpl@75a9cc24
2024-09-01T19:15:44.152+09:00  INFO 1004 --- [photoalbum] [    Test worker] com.zaxxer.hikari.HikariDataSource       : HikariPool-1 - Start completed.
2024-09-01T19:15:45.114+09:00  INFO 1004 --- [photoalbum] [    Test worker] o.h.e.t.j.p.i.JtaPlatformInitiator       : HHH000489: No JTA platform available (set 'hibernate.transaction.jta.platform' to enable JTA platform integration)
2024-09-01T19:15:45.184+09:00  INFO 1004 --- [photoalbum] [    Test worker] j.LocalContainerEntityManagerFactoryBean : Initialized JPA EntityManagerFactory for persistence unit 'default'
2024-09-01T19:15:45.686+09:00  WARN 1004 --- [photoalbum] [    Test worker] JpaBaseConfiguration$JpaWebConfiguration : spring.jpa.open-in-view is enabled by default. Therefore, database queries may be performed during view rendering. Explicitly configure spring.jpa.open-in-view to disable this warning
2024-09-01T19:15:46.051+09:00  INFO 1004 --- [photoalbum] [    Test worker] c.e.photoalbum.service.AlbumServiceTest  : Started AlbumServiceTest in 4.147 seconds (process running for 5.307)
Hibernate: insert into album (album_name,created_at) values (?,?)
Hibernate: insert into album (album_name,created_at) values (?,?)
Hibernate: select a1_0.album_id,a1_0.album_name,a1_0.created_at from album a1_0 where a1_0.album_name=?
Hibernate: insert into album (album_name,created_at) values (?,?)
Hibernate: insert into photo (album_id,file_name,file_size,original_url,thumb_url,uploaded_at) values (?,?,?,?,?,?)
Hibernate: insert into photo (album_id,file_name,file_size,original_url,thumb_url,uploaded_at) values (?,?,?,?,?,?)
Hibernate: insert into album (album_name,created_at) values (?,?)
Hibernate: insert into photo (album_id,file_name,file_size,original_url,thumb_url,uploaded_at) values (?,?,?,?,?,?)
Hibernate: insert into photo (album_id,file_name,file_size,original_url,thumb_url,uploaded_at) values (?,?,?,?,?,?)
Hibernate: select count(p1_0.photo_id) from photo p1_0 where p1_0.album_id=?
Hibernate: insert into album (album_name,created_at) values (?,?)
Hibernate: update album set album_name=?,created_at=? where album_id=?
Hibernate: select count(p1_0.photo_id) from photo p1_0 where p1_0.album_id=?
Hibernate: insert into album (album_name,created_at) values (?,?)
Hibernate: insert into album (album_name,created_at) values (?,?)
Hibernate: select a1_0.album_id,a1_0.album_name,a1_0.created_at from album a1_0 where a1_0.album_name like ? escape '\\' order by a1_0.created_at desc
Hibernate: select a1_0.album_id,a1_0.album_name,a1_0.created_at from album a1_0 where a1_0.album_name like ? escape '\\' order by a1_0.album_name
Hibernate: insert into album (album_name,created_at) values (?,?)
Hibernate: select count(p1_0.photo_id) from photo p1_0 where p1_0.album_id=?
]]></system-out>
  <system-err><![CDATA[]]></system-err>
</testsuite>
