<?xml version="1.0" encoding="UTF-8"?>
<testsuite name="com.example.photoalbum.service.AlbumServiceTest" tests="1" skipped="0" failures="0" errors="0" timestamp="2024-08-26T15:18:20" hostname="GUNBIN" time="0.608">
  <properties/>
  <testcase name="testPhotoCount()" classname="com.example.photoalbum.service.AlbumServiceTest" time="0.608"/>
  <system-out><![CDATA[00:18:15.836 [Test worker] INFO org.springframework.test.context.support.AnnotationConfigContextLoaderUtils -- Could not detect default configuration classes for test class [com.example.photoalbum.service.AlbumServiceTest]: AlbumServiceTest does not declare any static, non-private, non-final, nested classes annotated with @Configuration.
00:18:15.955 [Test worker] INFO org.springframework.boot.test.context.SpringBootTestContextBootstrapper -- Found @SpringBootConfiguration com.example.photoalbum.PhotoalbumApplication for test class com.example.photoalbum.service.AlbumServiceTest

  .   ____          _            __ _ _
 /\\ / ___'_ __ _ _(_)_ __  __ _ \ \ \ \
( ( )\___ | '_ | '_| | '_ \/ _` | \ \ \ \
 \\/  ___)| |_)| | | | | || (_| |  ) ) ) )
  '  |____| .__|_| |_|_| |_\__, | / / / /
 =========|_|==============|___/=/_/_/_/

 :: Spring Boot ::                (v3.3.2)

2024-08-27T00:18:16.375+09:00  INFO 1568 --- [photoalbum] [    Test worker] c.e.photoalbum.service.AlbumServiceTest  : Starting AlbumServiceTest using Java 17 with PID 1568 (started by kbi04 in C:\Users\kbi04\OneDrive\바탕 화면\photoalbum)
2024-08-27T00:18:16.376+09:00  INFO 1568 --- [photoalbum] [    Test worker] c.e.photoalbum.service.AlbumServiceTest  : No active profile set, falling back to 1 default profile: "default"
2024-08-27T00:18:17.090+09:00  INFO 1568 --- [photoalbum] [    Test worker] .s.d.r.c.RepositoryConfigurationDelegate : Bootstrapping Spring Data JPA repositories in DEFAULT mode.
2024-08-27T00:18:17.160+09:00  INFO 1568 --- [photoalbum] [    Test worker] .s.d.r.c.RepositoryConfigurationDelegate : Finished Spring Data repository scanning in 59 ms. Found 2 JPA repository interfaces.
2024-08-27T00:18:17.646+09:00  INFO 1568 --- [photoalbum] [    Test worker] o.hibernate.jpa.internal.util.LogHelper  : HHH000204: Processing PersistenceUnitInfo [name: default]
2024-08-27T00:18:17.727+09:00  INFO 1568 --- [photoalbum] [    Test worker] org.hibernate.Version                    : HHH000412: Hibernate ORM core version 6.5.2.Final
2024-08-27T00:18:17.773+09:00  INFO 1568 --- [photoalbum] [    Test worker] o.h.c.internal.RegionFactoryInitiator    : HHH000026: Second-level cache disabled
2024-08-27T00:18:18.152+09:00  INFO 1568 --- [photoalbum] [    Test worker] o.s.o.j.p.SpringPersistenceUnitInfo      : No LoadTimeWeaver setup: ignoring JPA class transformer
2024-08-27T00:18:18.180+09:00  INFO 1568 --- [photoalbum] [    Test worker] com.zaxxer.hikari.HikariDataSource       : HikariPool-1 - Starting...
2024-08-27T00:18:18.540+09:00  INFO 1568 --- [photoalbum] [    Test worker] com.zaxxer.hikari.pool.HikariPool        : HikariPool-1 - Added connection com.mysql.cj.jdbc.ConnectionImpl@2be50bba
2024-08-27T00:18:18.544+09:00  INFO 1568 --- [photoalbum] [    Test worker] com.zaxxer.hikari.HikariDataSource       : HikariPool-1 - Start completed.
2024-08-27T00:18:19.590+09:00  INFO 1568 --- [photoalbum] [    Test worker] o.h.e.t.j.p.i.JtaPlatformInitiator       : HHH000489: No JTA platform available (set 'hibernate.transaction.jta.platform' to enable JTA platform integration)
2024-08-27T00:18:19.693+09:00  INFO 1568 --- [photoalbum] [    Test worker] j.LocalContainerEntityManagerFactoryBean : Initialized JPA EntityManagerFactory for persistence unit 'default'
2024-08-27T00:18:20.172+09:00  WARN 1568 --- [photoalbum] [    Test worker] JpaBaseConfiguration$JpaWebConfiguration : spring.jpa.open-in-view is enabled by default. Therefore, database queries may be performed during view rendering. Explicitly configure spring.jpa.open-in-view to disable this warning
2024-08-27T00:18:20.577+09:00  INFO 1568 --- [photoalbum] [    Test worker] c.e.photoalbum.service.AlbumServiceTest  : Started AlbumServiceTest in 4.451 seconds (process running for 5.623)
Hibernate: insert into album (album_name,created_at) values (?,?)
Hibernate: insert into photo (album_id,file_name,file_size,original_url,thumb_url,uploaded_at) values (?,?,?,?,?,?)
Hibernate: insert into photo (album_id,file_name,file_size,original_url,thumb_url,uploaded_at) values (?,?,?,?,?,?)
Hibernate: select count(p1_0.photo_id) from photo p1_0 where p1_0.album_id=?
]]></system-out>
  <system-err><![CDATA[]]></system-err>
</testsuite>
